0 info it worked if it ends with ok
1 verbose cli [ '/home/vagrant/.nvm/v0.11.14/bin/node',
1 verbose cli   '/home/vagrant/.nvm/v0.11.14/bin/npm',
1 verbose cli   'install',
1 verbose cli   'sequalize',
1 verbose cli   '--save' ]
2 info using npm@2.0.0
3 info using node@v0.11.14
4 warn package.json kwam@0.0.0 No description
5 warn package.json kwam@0.0.0 No repository field.
6 warn package.json kwam@0.0.0 No README data
7 verbose readDependencies using package.json deps
8 verbose cache add [ 'sequalize', null ]
9 verbose cache add spec="sequalize" args=["sequalize",null]
10 verbose parsed spec { raw: 'sequalize',
10 verbose parsed spec   scope: null,
10 verbose parsed spec   name: 'sequalize',
10 verbose parsed spec   rawSpec: '',
10 verbose parsed spec   spec: '*',
10 verbose parsed spec   type: 'range' }
11 verbose parsed spec { raw: 'sequalize',
11 verbose parsed spec   scope: null,
11 verbose parsed spec   name: 'sequalize',
11 verbose parsed spec   rawSpec: '',
11 verbose parsed spec   spec: '*',
11 verbose parsed spec   type: 'range' }
12 verbose addNamed [ 'sequalize', '*' ]
13 verbose addNamed [ null, '*' ]
14 silly lockFile 52bdc03c-sequalize sequalize@*
15 verbose lock sequalize@* /home/vagrant/.npm/52bdc03c-sequalize.lock
16 silly addNameRange { name: 'sequalize', range: '*', hasData: false }
17 verbose mapToRegistry name sequalize
18 verbose mapToRegistry uri http://registry.npmjs.org/sequalize
19 verbose request on initialization, where is /sequalize
20 verbose request after pass 1, where is /sequalize
21 verbose request url raw /sequalize
22 verbose request resolving registry [ 'http://registry.npmjs.org/', './sequalize' ]
23 verbose request after pass 2, where is http://registry.npmjs.org/sequalize
24 verbose request no auth needed
25 info attempt registry request try #1 at 19:01:34
26 verbose request id 3d4fd894034accb1
27 http request GET http://registry.npmjs.org/sequalize
28 http 404 http://registry.npmjs.org/sequalize
29 verbose headers { server: 'CouchDB/1.5.0 (Erlang OTP/R16B03)',
29 verbose headers   'content-type': 'application/json',
29 verbose headers   'cache-control': 'max-age=0',
29 verbose headers   'content-length': '52',
29 verbose headers   'accept-ranges': 'bytes',
29 verbose headers   date: 'Sun, 21 Dec 2014 19:01:35 GMT',
29 verbose headers   via: '1.1 varnish',
29 verbose headers   age: '0',
29 verbose headers   connection: 'close',
29 verbose headers   'x-served-by': 'cache-atl6235-ATL',
29 verbose headers   'x-cache': 'MISS',
29 verbose headers   'x-cache-hits': '0',
29 verbose headers   'x-timer': 'S1419188494.995641,VS0,VE107' }
30 silly registry.get cb [ 404,
30 silly registry.get   { server: 'CouchDB/1.5.0 (Erlang OTP/R16B03)',
30 silly registry.get     'content-type': 'application/json',
30 silly registry.get     'cache-control': 'max-age=0',
30 silly registry.get     'content-length': '52',
30 silly registry.get     'accept-ranges': 'bytes',
30 silly registry.get     date: 'Sun, 21 Dec 2014 19:01:35 GMT',
30 silly registry.get     via: '1.1 varnish',
30 silly registry.get     age: '0',
30 silly registry.get     connection: 'close',
30 silly registry.get     'x-served-by': 'cache-atl6235-ATL',
30 silly registry.get     'x-cache': 'MISS',
30 silly registry.get     'x-cache-hits': '0',
30 silly registry.get     'x-timer': 'S1419188494.995641,VS0,VE107' } ]
31 silly lockFile 52bdc03c-sequalize sequalize@*
32 silly lockFile 52bdc03c-sequalize sequalize@*
33 verbose stack Error: 404 Not Found: sequalize
33 verbose stack     at RegClient.<anonymous> (/home/vagrant/.nvm/v0.11.14/lib/node_modules/npm/node_modules/npm-registry-client/lib/request.js:259:14)
33 verbose stack     at Request._callback (/home/vagrant/.nvm/v0.11.14/lib/node_modules/npm/node_modules/npm-registry-client/lib/request.js:198:65)
33 verbose stack     at Request.self.callback (/home/vagrant/.nvm/v0.11.14/lib/node_modules/npm/node_modules/request/request.js:236:22)
33 verbose stack     at Request.emit (events.js:110:17)
33 verbose stack     at Request.<anonymous> (/home/vagrant/.nvm/v0.11.14/lib/node_modules/npm/node_modules/request/request.js:1142:14)
33 verbose stack     at Request.emit (events.js:129:20)
33 verbose stack     at IncomingMessage.<anonymous> (/home/vagrant/.nvm/v0.11.14/lib/node_modules/npm/node_modules/request/request.js:1096:12)
33 verbose stack     at IncomingMessage.emit (events.js:129:20)
33 verbose stack     at _stream_readable.js:907:16
33 verbose stack     at process._tickCallback (node.js:372:11)
34 verbose statusCode 404
35 verbose pkgid sequalize
36 verbose cwd /vagrant/kwam/kwam-back-express
37 error Linux 3.2.0-23-generic-pae
38 error argv "/home/vagrant/.nvm/v0.11.14/bin/node" "/home/vagrant/.nvm/v0.11.14/bin/npm" "install" "sequalize" "--save"
39 error node v0.11.14
40 error npm  v2.0.0
41 error code E404
42 error 404 Not Found: sequalize
42 error 404
42 error 404 'sequalize' is not in the npm registry.
42 error 404 You should bug the author to publish it (or use the name yourself!)
42 error 404 It was specified as a dependency of 'kwam'
42 error 404
42 error 404 Note that you can also install from a
42 error 404 tarball, folder, http url, or git url.
43 verbose exit [ 1, true ]
